# JRE version: OpenJDK Runtime Environment (21.0.8) (build 21.0.8+-14196175-b1038.72)
# Java VM: OpenJDK 64-Bit Server VM (21.0.8+-14196175-b1038.72, mixed mode, tiered, compressed oops, compressed class ptrs, g1 gc, windows-amd64)
GC Precious Log:
 CardTable entry size: 512
 Card Set container configuration: InlinePtr #cards 4 size 8 Array Of Cards #cards 32 size 80 Howl #buckets 8 coarsen threshold 7372 Howl Bitmap #cards 1024 size 144 coarsen threshold 921 Card regions per heap region 1 cards per card region 8192
 CPUs: 8 total, 8 available
 Memory: 8002M
 Large Page Support: Disabled
 NUMA Support: Disabled
 Compressed Oops: Enabled (Zero based)
 Heap Region Size: 4M
 Heap Min Capacity: 8M
 Heap Initial Capacity: 128M
 Heap Max Capacity: 8G
 Pre-touch: Disabled
 Parallel Workers: 8
 Concurrent Workers: 2
 Concurrent Refinement Workers: 8
 Periodic GC: Disabled
Heap:
 garbage-first heap   total 606208K, used 219867K [0x0000000600000000, 0x0000000800000000)
  region size 4096K, 6 young (24576K), 6 survivors (24576K)
 Metaspace       used 173296K, committed 175680K, reserved 1245184K
  class space    used 22332K, committed 23488K, reserved 1048576K
GC Heap History (20 events):
Event: 266.793 GC heap after
{Heap after GC invocations=127 (full 0):
 garbage-first heap   total 450560K, used 192892K [0x0000000600000000, 0x0000000800000000)
  region size 4096K, 2 young (8192K), 2 survivors (8192K)
 Metaspace       used 173144K, committed 175552K, reserved 1245184K
  class space    used 22332K, committed 23488K, reserved 1048576K
}
Event: 267.518 GC heap before
{Heap before GC invocations=127 (full 0):
 garbage-first heap   total 450560K, used 401788K [0x0000000600000000, 0x0000000800000000)
  region size 4096K, 54 young (221184K), 2 survivors (8192K)
 Metaspace       used 173182K, committed 175552K, reserved 1245184K
  class space    used 22332K, committed 23488K, reserved 1048576K
}
Event: 267.529 GC heap after
{Heap after GC invocations=128 (full 0):
 garbage-first heap   total 450560K, used 195559K [0x0000000600000000, 0x0000000800000000)
  region size 4096K, 3 young (12288K), 3 survivors (12288K)
 Metaspace       used 173182K, committed 175552K, reserved 1245184K
  class space    used 22332K, committed 23488K, reserved 1048576K
}
Event: 269.418 GC heap before
{Heap before GC invocations=129 (full 0):
 garbage-first heap   total 450560K, used 404455K [0x0000000600000000, 0x0000000800000000)
  region size 4096K, 56 young (229376K), 3 survivors (12288K)
 Metaspace       used 173206K, committed 175552K, reserved 1245184K
  class space    used 22330K, committed 23488K, reserved 1048576K
}
Event: 269.437 GC heap after
{Heap after GC invocations=130 (full 0):
 garbage-first heap   total 450560K, used 201420K [0x0000000600000000, 0x0000000800000000)
  region size 4096K, 4 young (16384K), 4 survivors (16384K)
 Metaspace       used 173206K, committed 175552K, reserved 1245184K
  class space    used 22330K, committed 23488K, reserved 1048576K
}
Event: 269.959 GC heap before
{Heap before GC invocations=130 (full 0):
 garbage-first heap   total 450560K, used 402124K [0x0000000600000000, 0x0000000800000000)
  region size 4096K, 55 young (225280K), 4 survivors (16384K)
 Metaspace       used 173215K, committed 175616K, reserved 1245184K
  class space    used 22330K, committed 23488K, reserved 1048576K
}
Event: 269.972 GC heap after
{Heap after GC invocations=131 (full 0):
 garbage-first heap   total 450560K, used 199259K [0x0000000600000000, 0x0000000800000000)
  region size 4096K, 4 young (16384K), 4 survivors (16384K)
 Metaspace       used 173215K, committed 175616K, reserved 1245184K
  class space    used 22330K, committed 23488K, reserved 1048576K
}
Event: 270.372 GC heap before
{Heap before GC invocations=131 (full 0):
 garbage-first heap   total 450560K, used 399963K [0x0000000600000000, 0x0000000800000000)
  region size 4096K, 55 young (225280K), 4 survivors (16384K)
 Metaspace       used 173234K, committed 175616K, reserved 1245184K
  class space    used 22330K, committed 23488K, reserved 1048576K
}
Event: 270.386 GC heap after
{Heap after GC invocations=132 (full 0):
 garbage-first heap   total 565248K, used 200124K [0x0000000600000000, 0x0000000800000000)
  region size 4096K, 4 young (16384K), 4 survivors (16384K)
 Metaspace       used 173234K, committed 175616K, reserved 1245184K
  class space    used 22330K, committed 23488K, reserved 1048576K
}
Event: 271.438 GC heap before
{Heap before GC invocations=133 (full 0):
 garbage-first heap   total 565248K, used 507324K [0x0000000600000000, 0x0000000800000000)
  region size 4096K, 80 young (327680K), 4 survivors (16384K)
 Metaspace       used 173264K, committed 175680K, reserved 1245184K
  class space    used 22330K, committed 23488K, reserved 1048576K
}
Event: 271.451 GC heap after
{Heap after GC invocations=134 (full 0):
 garbage-first heap   total 565248K, used 204051K [0x0000000600000000, 0x0000000800000000)
  region size 4096K, 5 young (20480K), 5 survivors (20480K)
 Metaspace       used 173264K, committed 175680K, reserved 1245184K
  class space    used 22330K, committed 23488K, reserved 1048576K
}
Event: 271.963 GC heap before
{Heap before GC invocations=134 (full 0):
 garbage-first heap   total 565248K, used 507155K [0x0000000600000000, 0x0000000800000000)
  region size 4096K, 79 young (323584K), 5 survivors (20480K)
 Metaspace       used 173275K, committed 175680K, reserved 1245184K
  class space    used 22331K, committed 23488K, reserved 1048576K
}
Event: 271.988 GC heap after
{Heap after GC invocations=135 (full 0):
 garbage-first heap   total 565248K, used 209778K [0x0000000600000000, 0x0000000800000000)
  region size 4096K, 7 young (28672K), 7 survivors (28672K)
 Metaspace       used 173275K, committed 175680K, reserved 1245184K
  class space    used 22331K, committed 23488K, reserved 1048576K
}
Event: 272.342 GC heap before
{Heap before GC invocations=135 (full 0):
 garbage-first heap   total 565248K, used 492402K [0x0000000600000000, 0x0000000800000000)
  region size 4096K, 78 young (319488K), 7 survivors (28672K)
 Metaspace       used 173277K, committed 175680K, reserved 1245184K
  class space    used 22331K, committed 23488K, reserved 1048576K
}
Event: 272.361 GC heap after
{Heap after GC invocations=136 (full 0):
 garbage-first heap   total 565248K, used 212470K [0x0000000600000000, 0x0000000800000000)
  region size 4096K, 6 young (24576K), 6 survivors (24576K)
 Metaspace       used 173277K, committed 175680K, reserved 1245184K
  class space    used 22331K, committed 23488K, reserved 1048576K
}
Event: 272.910 GC heap before
{Heap before GC invocations=137 (full 0):
 garbage-first heap   total 565248K, used 499190K [0x0000000600000000, 0x0000000800000000)
  region size 4096K, 77 young (315392K), 6 survivors (24576K)
 Metaspace       used 173283K, committed 175680K, reserved 1245184K
  class space    used 22331K, committed 23488K, reserved 1048576K
}
Event: 272.932 GC heap after
{Heap after GC invocations=138 (full 0):
 garbage-first heap   total 565248K, used 215257K [0x0000000600000000, 0x0000000800000000)
  region size 4096K, 5 young (20480K), 5 survivors (20480K)
 Metaspace       used 173283K, committed 175680K, reserved 1245184K
  class space    used 22331K, committed 23488K, reserved 1048576K
}
Event: 273.260 GC heap before
{Heap before GC invocations=138 (full 0):
 garbage-first heap   total 565248K, used 506073K [0x0000000600000000, 0x0000000800000000)
  region size 4096K, 77 young (315392K), 5 survivors (20480K)
 Metaspace       used 173283K, committed 175680K, reserved 1245184K
  class space    used 22331K, committed 23488K, reserved 1048576K
}
Event: 273.281 GC heap after
{Heap after GC invocations=139 (full 0):
 garbage-first heap   total 565248K, used 216447K [0x0000000600000000, 0x0000000800000000)
  region size 4096K, 6 young (24576K), 6 survivors (24576K)
 Metaspace       used 173283K, committed 175680K, reserved 1245184K
  class space    used 22331K, committed 23488K, reserved 1048576K
}
Event: 273.647 GC heap before
{Heap before GC invocations=139 (full 0):
 garbage-first heap   total 565248K, used 499071K [0x0000000600000000, 0x0000000800000000)
  region size 4096K, 76 young (311296K), 6 survivors (24576K)
 Metaspace       used 173296K, committed 175680K, reserved 1245184K
  class space    used 22332K, committed 23488K, reserved 1048576K
}

