# JRE version: OpenJDK Runtime Environment (21.0.8) (build 21.0.8+-14196175-b1038.72)
# Java VM: OpenJDK 64-Bit Server VM (21.0.8+-14196175-b1038.72, mixed mode, tiered, compressed oops, compressed class ptrs, g1 gc, windows-amd64)
GC Precious Log:
 CardTable entry size: 512
 Card Set container configuration: InlinePtr #cards 5 size 8 Array Of Cards #cards 12 size 40 Howl #buckets 4 coarsen threshold 1843 Howl Bitmap #cards 512 size 80 coarsen threshold 460 Card regions per heap region 1 cards per card region 2048
 CPUs: 8 total, 8 available
 Memory: 8002M
 Large Page Support: Disabled
 NUMA Support: Disabled
 Compressed Oops: Enabled (32-bit)
 Heap Region Size: 1M
 Heap Min Capacity: 8M
 Heap Initial Capacity: 126M
 Heap Max Capacity: 2002M
 Pre-touch: Disabled
 Parallel Workers: 8
 Concurrent Workers: 2
 Concurrent Refinement Workers: 8
 Periodic GC: Disabled
Heap:
 garbage-first heap   total 178176K, used 114911K [0x0000000082e00000, 0x0000000100000000)
  region size 1024K, 63 young (64512K), 2 survivors (2048K)
 Metaspace       used 56622K, committed 57344K, reserved 1114112K
  class space    used 6901K, committed 7232K, reserved 1048576K
GC Heap History (20 events):
Event: 3.750 GC heap before
{Heap before GC invocations=4 (full 0):
 garbage-first heap   total 30720K, used 29903K [0x0000000082e00000, 0x0000000100000000)
  region size 1024K, 17 young (17408K), 3 survivors (3072K)
 Metaspace       used 29318K, committed 29568K, reserved 1114112K
  class space    used 3529K, committed 3648K, reserved 1048576K
}
Event: 3.769 GC heap after
{Heap after GC invocations=5 (full 0):
 garbage-first heap   total 36864K, used 18774K [0x0000000082e00000, 0x0000000100000000)
  region size 1024K, 3 young (3072K), 3 survivors (3072K)
 Metaspace       used 29318K, committed 29568K, reserved 1114112K
  class space    used 3529K, committed 3648K, reserved 1048576K
}
Event: 3.970 GC heap before
{Heap before GC invocations=5 (full 0):
 garbage-first heap   total 36864K, used 30038K [0x0000000082e00000, 0x0000000100000000)
  region size 1024K, 14 young (14336K), 3 survivors (3072K)
 Metaspace       used 29318K, committed 29568K, reserved 1114112K
  class space    used 3529K, committed 3648K, reserved 1048576K
}
Event: 3.988 GC heap after
{Heap after GC invocations=6 (full 0):
 garbage-first heap   total 36864K, used 22122K [0x0000000082e00000, 0x0000000100000000)
  region size 1024K, 2 young (2048K), 2 survivors (2048K)
 Metaspace       used 29318K, committed 29568K, reserved 1114112K
  class space    used 3529K, committed 3648K, reserved 1048576K
}
Event: 4.173 GC heap before
{Heap before GC invocations=6 (full 0):
 garbage-first heap   total 36864K, used 28266K [0x0000000082e00000, 0x0000000100000000)
  region size 1024K, 10 young (10240K), 2 survivors (2048K)
 Metaspace       used 29432K, committed 29760K, reserved 1114112K
  class space    used 3534K, committed 3712K, reserved 1048576K
}
Event: 4.212 GC heap after
{Heap after GC invocations=7 (full 0):
 garbage-first heap   total 38912K, used 28071K [0x0000000082e00000, 0x0000000100000000)
  region size 1024K, 2 young (2048K), 2 survivors (2048K)
 Metaspace       used 29432K, committed 29760K, reserved 1114112K
  class space    used 3534K, committed 3712K, reserved 1048576K
}
Event: 4.315 GC heap before
{Heap before GC invocations=8 (full 0):
 garbage-first heap   total 50176K, used 32167K [0x0000000082e00000, 0x0000000100000000)
  region size 1024K, 6 young (6144K), 2 survivors (2048K)
 Metaspace       used 29440K, committed 29760K, reserved 1114112K
  class space    used 3534K, committed 3712K, reserved 1048576K
}
Event: 4.338 GC heap after
{Heap after GC invocations=9 (full 0):
 garbage-first heap   total 50176K, used 31095K [0x0000000082e00000, 0x0000000100000000)
  region size 1024K, 1 young (1024K), 1 survivors (1024K)
 Metaspace       used 29440K, committed 29760K, reserved 1114112K
  class space    used 3534K, committed 3712K, reserved 1048576K
}
Event: 4.460 GC heap before
{Heap before GC invocations=9 (full 0):
 garbage-first heap   total 50176K, used 39287K [0x0000000082e00000, 0x0000000100000000)
  region size 1024K, 9 young (9216K), 1 survivors (1024K)
 Metaspace       used 29442K, committed 29760K, reserved 1114112K
  class space    used 3534K, committed 3712K, reserved 1048576K
}
Event: 4.481 GC heap after
{Heap after GC invocations=10 (full 0):
 garbage-first heap   total 50176K, used 27097K [0x0000000082e00000, 0x0000000100000000)
  region size 1024K, 2 young (2048K), 2 survivors (2048K)
 Metaspace       used 29442K, committed 29760K, reserved 1114112K
  class space    used 3534K, committed 3712K, reserved 1048576K
}
Event: 4.510 GC heap before
{Heap before GC invocations=10 (full 0):
 garbage-first heap   total 50176K, used 29145K [0x0000000082e00000, 0x0000000100000000)
  region size 1024K, 5 young (5120K), 2 survivors (2048K)
 Metaspace       used 29444K, committed 29760K, reserved 1114112K
  class space    used 3534K, committed 3712K, reserved 1048576K
}
Event: 4.523 GC heap after
{Heap after GC invocations=11 (full 0):
 garbage-first heap   total 108544K, used 28132K [0x0000000082e00000, 0x0000000100000000)
  region size 1024K, 2 young (2048K), 2 survivors (2048K)
 Metaspace       used 29444K, committed 29760K, reserved 1114112K
  class space    used 3534K, committed 3712K, reserved 1048576K
}
Event: 5.781 GC heap before
{Heap before GC invocations=11 (full 0):
 garbage-first heap   total 108544K, used 73188K [0x0000000082e00000, 0x0000000100000000)
  region size 1024K, 37 young (37888K), 2 survivors (2048K)
 Metaspace       used 35422K, committed 35648K, reserved 1114112K
  class space    used 4405K, committed 4480K, reserved 1048576K
}
Event: 5.807 GC heap after
{Heap after GC invocations=12 (full 0):
 garbage-first heap   total 108544K, used 39147K [0x0000000082e00000, 0x0000000100000000)
  region size 1024K, 5 young (5120K), 5 survivors (5120K)
 Metaspace       used 35422K, committed 35648K, reserved 1114112K
  class space    used 4405K, committed 4480K, reserved 1048576K
}
Event: 7.678 GC heap before
{Heap before GC invocations=12 (full 0):
 garbage-first heap   total 108544K, used 77035K [0x0000000082e00000, 0x0000000100000000)
  region size 1024K, 38 young (38912K), 5 survivors (5120K)
 Metaspace       used 41800K, committed 42176K, reserved 1114112K
  class space    used 4997K, committed 5184K, reserved 1048576K
}
Event: 7.705 GC heap after
{Heap after GC invocations=13 (full 0):
 garbage-first heap   total 108544K, used 48909K [0x0000000082e00000, 0x0000000100000000)
  region size 1024K, 5 young (5120K), 5 survivors (5120K)
 Metaspace       used 41800K, committed 42176K, reserved 1114112K
  class space    used 4997K, committed 5184K, reserved 1048576K
}
Event: 9.240 GC heap before
{Heap before GC invocations=13 (full 0):
 garbage-first heap   total 108544K, used 80653K [0x0000000082e00000, 0x0000000100000000)
  region size 1024K, 36 young (36864K), 5 survivors (5120K)
 Metaspace       used 47510K, committed 48256K, reserved 1114112K
  class space    used 5775K, committed 6144K, reserved 1048576K
}
Event: 9.261 GC heap after
{Heap after GC invocations=14 (full 0):
 garbage-first heap   total 108544K, used 52594K [0x0000000082e00000, 0x0000000100000000)
  region size 1024K, 4 young (4096K), 4 survivors (4096K)
 Metaspace       used 47510K, committed 48256K, reserved 1114112K
  class space    used 5775K, committed 6144K, reserved 1048576K
}
Event: 9.530 GC heap before
{Heap before GC invocations=14 (full 0):
 garbage-first heap   total 108544K, used 59762K [0x0000000082e00000, 0x0000000100000000)
  region size 1024K, 12 young (12288K), 4 survivors (4096K)
 Metaspace       used 48889K, committed 49600K, reserved 1114112K
  class space    used 5950K, committed 6272K, reserved 1048576K
}
Event: 9.541 GC heap after
{Heap after GC invocations=15 (full 0):
 garbage-first heap   total 212992K, used 53471K [0x0000000082e00000, 0x0000000100000000)
  region size 1024K, 2 young (2048K), 2 survivors (2048K)
 Metaspace       used 48889K, committed 49600K, reserved 1114112K
  class space    used 5950K, committed 6272K, reserved 1048576K
}

