# JRE version: OpenJDK Runtime Environment (21.0.8) (build 21.0.8+-14196175-b1038.72)
# Java VM: OpenJDK 64-Bit Server VM (21.0.8+-14196175-b1038.72, mixed mode, tiered, compressed oops, compressed class ptrs, g1 gc, windows-amd64)
GC Precious Log:
 CardTable entry size: 512
 Card Set container configuration: InlinePtr #cards 5 size 8 Array Of Cards #cards 12 size 40 Howl #buckets 4 coarsen threshold 1843 Howl Bitmap #cards 512 size 80 coarsen threshold 460 Card regions per heap region 1 cards per card region 2048
 CPUs: 8 total, 8 available
 Memory: 8002M
 Large Page Support: Disabled
 NUMA Support: Disabled
 Compressed Oops: Enabled (32-bit)
 Heap Region Size: 1M
 Heap Min Capacity: 8M
 Heap Initial Capacity: 126M
 Heap Max Capacity: 2002M
 Pre-touch: Disabled
 Parallel Workers: 8
 Concurrent Workers: 2
 Concurrent Refinement Workers: 8
 Periodic GC: Disabled
Heap:
 garbage-first heap   total 169984K, used 138240K [0x0000000082e00000, 0x0000000100000000)
  region size 1024K, 48 young (49152K), 8 survivors (8192K)
 Metaspace       used 92321K, committed 93248K, reserved 1179648K
  class space    used 9847K, committed 10304K, reserved 1048576K
GC Heap History (20 events):
Event: 6.689 GC heap before
{Heap before GC invocations=14 (full 0):
 garbage-first heap   total 114688K, used 92352K [0x0000000082e00000, 0x0000000100000000)
  region size 1024K, 42 young (43008K), 4 survivors (4096K)
 Metaspace       used 50794K, committed 51520K, reserved 1114112K
  class space    used 6175K, committed 6528K, reserved 1048576K
}
Event: 6.705 GC heap after
{Heap after GC invocations=15 (full 0):
 garbage-first heap   total 114688K, used 54602K [0x0000000082e00000, 0x0000000100000000)
  region size 1024K, 3 young (3072K), 3 survivors (3072K)
 Metaspace       used 50794K, committed 51520K, reserved 1114112K
  class space    used 6175K, committed 6528K, reserved 1048576K
}
Event: 8.459 GC heap before
{Heap before GC invocations=15 (full 0):
 garbage-first heap   total 114688K, used 95562K [0x0000000082e00000, 0x0000000100000000)
  region size 1024K, 43 young (44032K), 3 survivors (3072K)
 Metaspace       used 58695K, committed 59392K, reserved 1114112K
  class space    used 7111K, committed 7424K, reserved 1048576K
}
Event: 8.484 GC heap after
{Heap after GC invocations=16 (full 0):
 garbage-first heap   total 169984K, used 59392K [0x0000000082e00000, 0x0000000100000000)
  region size 1024K, 6 young (6144K), 6 survivors (6144K)
 Metaspace       used 58695K, committed 59392K, reserved 1114112K
  class space    used 7111K, committed 7424K, reserved 1048576K
}
Event: 11.359 GC heap before
{Heap before GC invocations=16 (full 0):
 garbage-first heap   total 169984K, used 134144K [0x0000000082e00000, 0x0000000100000000)
  region size 1024K, 79 young (80896K), 6 survivors (6144K)
 Metaspace       used 65105K, committed 65920K, reserved 1114112K
  class space    used 7647K, committed 8064K, reserved 1048576K
}
Event: 11.388 GC heap after
{Heap after GC invocations=17 (full 0):
 garbage-first heap   total 169984K, used 68608K [0x0000000082e00000, 0x0000000100000000)
  region size 1024K, 10 young (10240K), 10 survivors (10240K)
 Metaspace       used 65105K, committed 65920K, reserved 1114112K
  class space    used 7647K, committed 8064K, reserved 1048576K
}
Event: 14.544 GC heap before
{Heap before GC invocations=17 (full 0):
 garbage-first heap   total 169984K, used 138240K [0x0000000082e00000, 0x0000000100000000)
  region size 1024K, 77 young (78848K), 10 survivors (10240K)
 Metaspace       used 66662K, committed 67520K, reserved 1114112K
  class space    used 7699K, committed 8128K, reserved 1048576K
}
Event: 14.590 GC heap after
{Heap after GC invocations=18 (full 0):
 garbage-first heap   total 169984K, used 78336K [0x0000000082e00000, 0x0000000100000000)
  region size 1024K, 9 young (9216K), 9 survivors (9216K)
 Metaspace       used 66662K, committed 67520K, reserved 1114112K
  class space    used 7699K, committed 8128K, reserved 1048576K
}
Event: 17.537 GC heap before
{Heap before GC invocations=18 (full 0):
 garbage-first heap   total 169984K, used 111104K [0x0000000082e00000, 0x0000000100000000)
  region size 1024K, 40 young (40960K), 9 survivors (9216K)
 Metaspace       used 67195K, committed 67968K, reserved 1114112K
  class space    used 7731K, committed 8128K, reserved 1048576K
}
Event: 17.571 GC heap after
{Heap after GC invocations=19 (full 0):
 garbage-first heap   total 169984K, used 84480K [0x0000000082e00000, 0x0000000100000000)
  region size 1024K, 4 young (4096K), 4 survivors (4096K)
 Metaspace       used 67195K, committed 67968K, reserved 1114112K
  class space    used 7731K, committed 8128K, reserved 1048576K
}
Event: 21.706 GC heap before
{Heap before GC invocations=20 (full 0):
 garbage-first heap   total 169984K, used 146944K [0x0000000082e00000, 0x0000000100000000)
  region size 1024K, 65 young (66560K), 4 survivors (4096K)
 Metaspace       used 67980K, committed 68736K, reserved 1114112K
  class space    used 7798K, committed 8192K, reserved 1048576K
}
Event: 21.734 GC heap after
{Heap after GC invocations=21 (full 0):
 garbage-first heap   total 169984K, used 90112K [0x0000000082e00000, 0x0000000100000000)
  region size 1024K, 9 young (9216K), 9 survivors (9216K)
 Metaspace       used 67980K, committed 68736K, reserved 1114112K
  class space    used 7798K, committed 8192K, reserved 1048576K
}
Event: 25.375 GC heap before
{Heap before GC invocations=21 (full 0):
 garbage-first heap   total 169984K, used 150528K [0x0000000082e00000, 0x0000000100000000)
  region size 1024K, 68 young (69632K), 9 survivors (9216K)
 Metaspace       used 69515K, committed 70336K, reserved 1114112K
  class space    used 7924K, committed 8320K, reserved 1048576K
}
Event: 25.423 GC heap after
{Heap after GC invocations=22 (full 0):
 garbage-first heap   total 169984K, used 93184K [0x0000000082e00000, 0x0000000100000000)
  region size 1024K, 5 young (5120K), 5 survivors (5120K)
 Metaspace       used 69515K, committed 70336K, reserved 1114112K
  class space    used 7924K, committed 8320K, reserved 1048576K
}
Event: 29.604 GC heap before
{Heap before GC invocations=22 (full 0):
 garbage-first heap   total 169984K, used 152576K [0x0000000082e00000, 0x0000000100000000)
  region size 1024K, 63 young (64512K), 5 survivors (5120K)
 Metaspace       used 78715K, committed 79552K, reserved 1179648K
  class space    used 8855K, committed 9280K, reserved 1048576K
}
Event: 29.631 GC heap after
{Heap after GC invocations=23 (full 0):
 garbage-first heap   total 169984K, used 97280K [0x0000000082e00000, 0x0000000100000000)
  region size 1024K, 8 young (8192K), 8 survivors (8192K)
 Metaspace       used 78715K, committed 79552K, reserved 1179648K
  class space    used 8855K, committed 9280K, reserved 1048576K
}
Event: 33.443 GC heap before
{Heap before GC invocations=24 (full 0):
 garbage-first heap   total 169984K, used 150528K [0x0000000082e00000, 0x0000000100000000)
  region size 1024K, 62 young (63488K), 8 survivors (8192K)
 Metaspace       used 87839K, committed 88768K, reserved 1179648K
  class space    used 9544K, committed 9984K, reserved 1048576K
}
Event: 33.472 GC heap after
{Heap after GC invocations=25 (full 0):
 garbage-first heap   total 169984K, used 97139K [0x0000000082e00000, 0x0000000100000000)
  region size 1024K, 4 young (4096K), 4 survivors (4096K)
 Metaspace       used 87839K, committed 88768K, reserved 1179648K
  class space    used 9544K, committed 9984K, reserved 1048576K
}
Event: 37.294 GC heap before
{Heap before GC invocations=25 (full 0):
 garbage-first heap   total 169984K, used 155507K [0x0000000082e00000, 0x0000000100000000)
  region size 1024K, 61 young (62464K), 4 survivors (4096K)
 Metaspace       used 91821K, committed 92736K, reserved 1179648K
  class space    used 9825K, committed 10240K, reserved 1048576K
}
Event: 37.317 GC heap after
{Heap after GC invocations=26 (full 0):
 garbage-first heap   total 169984K, used 98304K [0x0000000082e00000, 0x0000000100000000)
  region size 1024K, 8 young (8192K), 8 survivors (8192K)
 Metaspace       used 91821K, committed 92736K, reserved 1179648K
  class space    used 9825K, committed 10240K, reserved 1048576K
}

