# JRE version: OpenJDK Runtime Environment Temurin-17.0.17+10 (17.0.17+10) (build 17.0.17+10)
# Java VM: OpenJDK 64-Bit Server VM Temurin-17.0.17+10 (17.0.17+10, mixed mode, sharing, tiered, compressed oops, compressed class ptrs, g1 gc, windows-amd64)
GC Precious Log:
 CPUs: 8 total, 8 available
 Memory: 8002M
 Large Page Support: Disabled
 NUMA Support: Disabled
 Compressed Oops: Enabled (Zero based)
 Heap Region Size: 4M
 Heap Min Capacity: 8M
 Heap Initial Capacity: 128M
 Heap Max Capacity: 8G
 Pre-touch: Disabled
 Parallel Workers: 8
 Concurrent Workers: 2
 Concurrent Refinement Workers: 8
 Periodic GC: Disabled
Heap:
 garbage-first heap   total 413696K, used 328458K [0x0000000600000000, 0x0000000800000000)
  region size 4096K, 45 young (184320K), 5 survivors (20480K)
 Metaspace       used 144167K, committed 145088K, reserved 1179648K
  class space    used 18625K, committed 19072K, reserved 1048576K
GC Heap History (20 events):
Event: 170.415 GC heap before
{Heap before GC invocations=45 (full 0):
 garbage-first heap   total 270336K, used 208578K [0x0000000600000000, 0x0000000800000000)
  region size 4096K, 22 young (90112K), 2 survivors (8192K)
 Metaspace       used 143776K, committed 144640K, reserved 1179648K
  class space    used 18603K, committed 19008K, reserved 1048576K
}
Event: 170.446 GC heap after
{Heap after GC invocations=46 (full 0):
 garbage-first heap   total 270336K, used 136370K [0x0000000600000000, 0x0000000800000000)
  region size 4096K, 3 young (12288K), 3 survivors (12288K)
 Metaspace       used 143776K, committed 144640K, reserved 1179648K
  class space    used 18603K, committed 19008K, reserved 1048576K
}
Event: 170.822 GC heap before
{Heap before GC invocations=46 (full 0):
 garbage-first heap   total 270336K, used 218290K [0x0000000600000000, 0x0000000800000000)
  region size 4096K, 23 young (94208K), 3 survivors (12288K)
 Metaspace       used 143843K, committed 144768K, reserved 1179648K
  class space    used 18605K, committed 19072K, reserved 1048576K
}
Event: 170.846 GC heap after
{Heap after GC invocations=47 (full 0):
 garbage-first heap   total 270336K, used 139658K [0x0000000600000000, 0x0000000800000000)
  region size 4096K, 1 young (4096K), 1 survivors (4096K)
 Metaspace       used 143843K, committed 144768K, reserved 1179648K
  class space    used 18605K, committed 19072K, reserved 1048576K
}
Event: 171.147 GC heap before
{Heap before GC invocations=47 (full 0):
 garbage-first heap   total 270336K, used 213386K [0x0000000600000000, 0x0000000800000000)
  region size 4096K, 21 young (86016K), 1 survivors (4096K)
 Metaspace       used 143865K, committed 144768K, reserved 1179648K
  class space    used 18605K, committed 19072K, reserved 1048576K
}
Event: 171.153 GC heap after
{Heap after GC invocations=48 (full 0):
 garbage-first heap   total 270336K, used 144448K [0x0000000600000000, 0x0000000800000000)
  region size 4096K, 3 young (12288K), 3 survivors (12288K)
 Metaspace       used 143865K, committed 144768K, reserved 1179648K
  class space    used 18605K, committed 19072K, reserved 1048576K
}
Event: 171.390 GC heap before
{Heap before GC invocations=48 (full 0):
 garbage-first heap   total 270336K, used 218176K [0x0000000600000000, 0x0000000800000000)
  region size 4096K, 21 young (86016K), 3 survivors (12288K)
 Metaspace       used 143874K, committed 144768K, reserved 1179648K
  class space    used 18605K, committed 19072K, reserved 1048576K
}
Event: 171.397 GC heap after
{Heap after GC invocations=49 (full 0):
 garbage-first heap   total 270336K, used 145989K [0x0000000600000000, 0x0000000800000000)
  region size 4096K, 2 young (8192K), 2 survivors (8192K)
 Metaspace       used 143874K, committed 144768K, reserved 1179648K
  class space    used 18605K, committed 19072K, reserved 1048576K
}
Event: 171.691 GC heap before
{Heap before GC invocations=49 (full 0):
 garbage-first heap   total 270336K, used 219717K [0x0000000600000000, 0x0000000800000000)
  region size 4096K, 21 young (86016K), 2 survivors (8192K)
 Metaspace       used 143915K, committed 144832K, reserved 1179648K
  class space    used 18605K, committed 19072K, reserved 1048576K
}
Event: 171.698 GC heap after
{Heap after GC invocations=50 (full 0):
 garbage-first heap   total 339968K, used 148651K [0x0000000600000000, 0x0000000800000000)
  region size 4096K, 2 young (8192K), 2 survivors (8192K)
 Metaspace       used 143915K, committed 144832K, reserved 1179648K
  class space    used 18605K, committed 19072K, reserved 1048576K
}
Event: 172.088 GC heap before
{Heap before GC invocations=50 (full 0):
 garbage-first heap   total 339968K, used 267435K [0x0000000600000000, 0x0000000800000000)
  region size 4096K, 32 young (131072K), 2 survivors (8192K)
 Metaspace       used 143952K, committed 144960K, reserved 1179648K
  class space    used 18605K, committed 19072K, reserved 1048576K
}
Event: 172.096 GC heap after
{Heap after GC invocations=51 (full 0):
 garbage-first heap   total 339968K, used 155640K [0x0000000600000000, 0x0000000800000000)
  region size 4096K, 3 young (12288K), 3 survivors (12288K)
 Metaspace       used 143952K, committed 144960K, reserved 1179648K
  class space    used 18605K, committed 19072K, reserved 1048576K
}
Event: 172.333 GC heap before
{Heap before GC invocations=51 (full 0):
 garbage-first heap   total 339968K, used 270328K [0x0000000600000000, 0x0000000800000000)
  region size 4096K, 32 young (131072K), 3 survivors (12288K)
 Metaspace       used 143956K, committed 144960K, reserved 1179648K
  class space    used 18605K, committed 19072K, reserved 1048576K
}
Event: 172.342 GC heap after
{Heap after GC invocations=52 (full 0):
 garbage-first heap   total 339968K, used 156223K [0x0000000600000000, 0x0000000800000000)
  region size 4096K, 2 young (8192K), 2 survivors (8192K)
 Metaspace       used 143956K, committed 144960K, reserved 1179648K
  class space    used 18605K, committed 19072K, reserved 1048576K
}
Event: 172.708 GC heap before
{Heap before GC invocations=52 (full 0):
 garbage-first heap   total 339968K, used 275007K [0x0000000600000000, 0x0000000800000000)
  region size 4096K, 32 young (131072K), 2 survivors (8192K)
 Metaspace       used 143977K, committed 144960K, reserved 1179648K
  class space    used 18605K, committed 19072K, reserved 1048576K
}
Event: 172.718 GC heap after
{Heap after GC invocations=53 (full 0):
 garbage-first heap   total 339968K, used 159279K [0x0000000600000000, 0x0000000800000000)
  region size 4096K, 3 young (12288K), 3 survivors (12288K)
 Metaspace       used 143977K, committed 144960K, reserved 1179648K
  class space    used 18605K, committed 19072K, reserved 1048576K
}
Event: 173.087 GC heap before
{Heap before GC invocations=53 (full 0):
 garbage-first heap   total 339968K, used 278063K [0x0000000600000000, 0x0000000800000000)
  region size 4096K, 33 young (135168K), 3 survivors (12288K)
 Metaspace       used 143995K, committed 144960K, reserved 1179648K
  class space    used 18605K, committed 19072K, reserved 1048576K
}
Event: 173.099 GC heap after
{Heap after GC invocations=54 (full 0):
 garbage-first heap   total 413696K, used 163033K [0x0000000600000000, 0x0000000800000000)
  region size 4096K, 3 young (12288K), 3 survivors (12288K)
 Metaspace       used 143995K, committed 144960K, reserved 1179648K
  class space    used 18605K, committed 19072K, reserved 1048576K
}
Event: 173.997 GC heap before
{Heap before GC invocations=54 (full 0):
 garbage-first heap   total 413696K, used 343257K [0x0000000600000000, 0x0000000800000000)
  region size 4096K, 47 young (192512K), 3 survivors (12288K)
 Metaspace       used 144035K, committed 145024K, reserved 1179648K
  class space    used 18605K, committed 19072K, reserved 1048576K
}
Event: 174.011 GC heap after
{Heap after GC invocations=55 (full 0):
 garbage-first heap   total 413696K, used 168714K [0x0000000600000000, 0x0000000800000000)
  region size 4096K, 5 young (20480K), 5 survivors (20480K)
 Metaspace       used 144035K, committed 145024K, reserved 1179648K
  class space    used 18605K, committed 19072K, reserved 1048576K
}

