# JRE version: OpenJDK Runtime Environment (21.0.8) (build 21.0.8+-14196175-b1038.72)
# Java VM: OpenJDK 64-Bit Server VM (21.0.8+-14196175-b1038.72, mixed mode, tiered, compressed oops, compressed class ptrs, g1 gc, windows-amd64)
GC Precious Log:
 CardTable entry size: 512
 Card Set container configuration: InlinePtr #cards 4 size 8 Array Of Cards #cards 32 size 80 Howl #buckets 8 coarsen threshold 7372 Howl Bitmap #cards 1024 size 144 coarsen threshold 921 Card regions per heap region 1 cards per card region 8192
 CPUs: 8 total, 8 available
 Memory: 8002M
 Large Page Support: Disabled
 NUMA Support: Disabled
 Compressed Oops: Enabled (Zero based)
 Heap Region Size: 4M
 Heap Min Capacity: 8M
 Heap Initial Capacity: 128M
 Heap Max Capacity: 8G
 Pre-touch: Disabled
 Parallel Workers: 8
 Concurrent Workers: 2
 Concurrent Refinement Workers: 8
 Periodic GC: Disabled
Heap:
 garbage-first heap   total 491520K, used 313974K [0x0000000600000000, 0x0000000800000000)
  region size 4096K, 48 young (196608K), 6 survivors (24576K)
 Metaspace       used 109624K, committed 111744K, reserved 1179648K
  class space    used 14906K, committed 15936K, reserved 1048576K
GC Heap History (20 events):
Event: 355.253 GC heap before
{Heap before GC invocations=61 (full 0):
 garbage-first heap   total 364544K, used 315747K [0x0000000600000000, 0x0000000800000000)
  region size 4096K, 50 young (204800K), 5 survivors (20480K)
 Metaspace       used 97941K, committed 99904K, reserved 1179648K
  class space    used 13671K, committed 14656K, reserved 1048576K
}
Event: 355.272 GC heap after
{Heap after GC invocations=62 (full 0):
 garbage-first heap   total 454656K, used 138052K [0x0000000600000000, 0x0000000800000000)
  region size 4096K, 5 young (20480K), 5 survivors (20480K)
 Metaspace       used 97941K, committed 99904K, reserved 1179648K
  class space    used 13671K, committed 14656K, reserved 1048576K
}
Event: 356.441 GC heap before
{Heap before GC invocations=63 (full 0):
 garbage-first heap   total 454656K, used 387908K [0x0000000600000000, 0x0000000800000000)
  region size 4096K, 66 young (270336K), 5 survivors (20480K)
 Metaspace       used 97944K, committed 99904K, reserved 1179648K
  class space    used 13671K, committed 14656K, reserved 1048576K
}
Event: 356.459 GC heap after
{Heap after GC invocations=64 (full 0):
 garbage-first heap   total 454656K, used 140744K [0x0000000600000000, 0x0000000800000000)
  region size 4096K, 5 young (20480K), 5 survivors (20480K)
 Metaspace       used 97944K, committed 99904K, reserved 1179648K
  class space    used 13671K, committed 14656K, reserved 1048576K
}
Event: 357.906 GC heap before
{Heap before GC invocations=64 (full 0):
 garbage-first heap   total 454656K, used 390600K [0x0000000600000000, 0x0000000800000000)
  region size 4096K, 66 young (270336K), 5 survivors (20480K)
 Metaspace       used 97964K, committed 99968K, reserved 1179648K
  class space    used 13672K, committed 14656K, reserved 1048576K
}
Event: 357.928 GC heap after
{Heap after GC invocations=65 (full 0):
 garbage-first heap   total 454656K, used 140402K [0x0000000600000000, 0x0000000800000000)
  region size 4096K, 6 young (24576K), 6 survivors (24576K)
 Metaspace       used 97964K, committed 99968K, reserved 1179648K
  class space    used 13672K, committed 14656K, reserved 1048576K
}
Event: 358.947 GC heap before
{Heap before GC invocations=65 (full 0):
 garbage-first heap   total 454656K, used 386162K [0x0000000600000000, 0x0000000800000000)
  region size 4096K, 66 young (270336K), 6 survivors (24576K)
 Metaspace       used 97969K, committed 99968K, reserved 1179648K
  class space    used 13672K, committed 14656K, reserved 1048576K
}
Event: 358.971 GC heap after
{Heap after GC invocations=66 (full 0):
 garbage-first heap   total 454656K, used 143574K [0x0000000600000000, 0x0000000800000000)
  region size 4096K, 6 young (24576K), 6 survivors (24576K)
 Metaspace       used 97969K, committed 99968K, reserved 1179648K
  class space    used 13672K, committed 14656K, reserved 1048576K
}
Event: 359.683 GC heap before
{Heap before GC invocations=67 (full 0):
 garbage-first heap   total 454656K, used 389334K [0x0000000600000000, 0x0000000800000000)
  region size 4096K, 66 young (270336K), 6 survivors (24576K)
 Metaspace       used 97969K, committed 99968K, reserved 1179648K
  class space    used 13672K, committed 14656K, reserved 1048576K
}
Event: 359.705 GC heap after
{Heap after GC invocations=68 (full 0):
 garbage-first heap   total 454656K, used 147976K [0x0000000600000000, 0x0000000800000000)
  region size 4096K, 6 young (24576K), 6 survivors (24576K)
 Metaspace       used 97969K, committed 99968K, reserved 1179648K
  class space    used 13672K, committed 14656K, reserved 1048576K
}
Event: 360.386 GC heap before
{Heap before GC invocations=68 (full 0):
 garbage-first heap   total 454656K, used 393736K [0x0000000600000000, 0x0000000800000000)
  region size 4096K, 66 young (270336K), 6 survivors (24576K)
 Metaspace       used 97970K, committed 99968K, reserved 1179648K
  class space    used 13672K, committed 14656K, reserved 1048576K
}
Event: 360.409 GC heap after
{Heap after GC invocations=69 (full 0):
 garbage-first heap   total 454656K, used 149953K [0x0000000600000000, 0x0000000800000000)
  region size 4096K, 6 young (24576K), 6 survivors (24576K)
 Metaspace       used 97970K, committed 99968K, reserved 1179648K
  class space    used 13672K, committed 14656K, reserved 1048576K
}
Event: 361.536 GC heap before
{Heap before GC invocations=69 (full 0):
 garbage-first heap   total 454656K, used 395713K [0x0000000600000000, 0x0000000800000000)
  region size 4096K, 66 young (270336K), 6 survivors (24576K)
 Metaspace       used 97979K, committed 99968K, reserved 1179648K
  class space    used 13672K, committed 14656K, reserved 1048576K
}
Event: 361.565 GC heap after
{Heap after GC invocations=70 (full 0):
 garbage-first heap   total 569344K, used 146973K [0x0000000600000000, 0x0000000800000000)
  region size 4096K, 6 young (24576K), 6 survivors (24576K)
 Metaspace       used 97979K, committed 99968K, reserved 1179648K
  class space    used 13672K, committed 14656K, reserved 1048576K
}
Event: 365.784 GC heap before
{Heap before GC invocations=71 (full 0):
 garbage-first heap   total 491520K, used 413213K [0x0000000600000000, 0x0000000800000000)
  region size 4096K, 72 young (294912K), 6 survivors (24576K)
 Metaspace       used 98088K, committed 100032K, reserved 1179648K
  class space    used 13691K, committed 14656K, reserved 1048576K
}
Event: 365.807 GC heap after
{Heap after GC invocations=72 (full 0):
 garbage-first heap   total 491520K, used 149697K [0x0000000600000000, 0x0000000800000000)
  region size 4096K, 6 young (24576K), 6 survivors (24576K)
 Metaspace       used 98088K, committed 100032K, reserved 1179648K
  class space    used 13691K, committed 14656K, reserved 1048576K
}
Event: 437.176 GC heap before
{Heap before GC invocations=72 (full 0):
 garbage-first heap   total 491520K, used 420033K [0x0000000600000000, 0x0000000800000000)
  region size 4096K, 72 young (294912K), 6 survivors (24576K)
 Metaspace       used 105470K, committed 107520K, reserved 1179648K
  class space    used 14707K, committed 15744K, reserved 1048576K
}
Event: 437.227 GC heap after
{Heap after GC invocations=73 (full 0):
 garbage-first heap   total 491520K, used 144023K [0x0000000600000000, 0x0000000800000000)
  region size 4096K, 5 young (20480K), 5 survivors (20480K)
 Metaspace       used 105470K, committed 107520K, reserved 1179648K
  class space    used 14707K, committed 15744K, reserved 1048576K
}
Event: 815.808 GC heap before
{Heap before GC invocations=73 (full 0):
 garbage-first heap   total 491520K, used 418455K [0x0000000600000000, 0x0000000800000000)
  region size 4096K, 72 young (294912K), 5 survivors (20480K)
 Metaspace       used 107443K, committed 109504K, reserved 1179648K
  class space    used 14806K, committed 15808K, reserved 1048576K
}
Event: 816.006 GC heap after
{Heap after GC invocations=74 (full 0):
 garbage-first heap   total 491520K, used 150134K [0x0000000600000000, 0x0000000800000000)
  region size 4096K, 6 young (24576K), 6 survivors (24576K)
 Metaspace       used 107443K, committed 109504K, reserved 1179648K
  class space    used 14806K, committed 15808K, reserved 1048576K
}

