# JRE version: OpenJDK Runtime Environment (21.0.8) (build 21.0.8+-14196175-b1038.72)
# Java VM: OpenJDK 64-Bit Server VM (21.0.8+-14196175-b1038.72, mixed mode, tiered, compressed oops, compressed class ptrs, g1 gc, windows-amd64)
GC Precious Log:
 CardTable entry size: 512
 Card Set container configuration: InlinePtr #cards 4 size 8 Array Of Cards #cards 32 size 80 Howl #buckets 8 coarsen threshold 7372 Howl Bitmap #cards 1024 size 144 coarsen threshold 921 Card regions per heap region 1 cards per card region 8192
 CPUs: 8 total, 8 available
 Memory: 8002M
 Large Page Support: Disabled
 NUMA Support: Disabled
 Compressed Oops: Enabled (Zero based)
 Heap Region Size: 4M
 Heap Min Capacity: 8M
 Heap Initial Capacity: 128M
 Heap Max Capacity: 8G
 Pre-touch: Disabled
 Parallel Workers: 8
 Concurrent Workers: 2
 Concurrent Refinement Workers: 8
 Periodic GC: Disabled
Heap:
 garbage-first heap   total 380928K, used 134508K [0x0000000600000000, 0x0000000800000000)
  region size 4096K, 4 young (16384K), 4 survivors (16384K)
 Metaspace       used 93053K, committed 95040K, reserved 1179648K
  class space    used 13321K, committed 14336K, reserved 1048576K
GC Heap History (20 events):
Event: 38.916 GC heap after
{Heap after GC invocations=38 (full 0):
 garbage-first heap   total 278528K, used 111244K [0x0000000600000000, 0x0000000800000000)
  region size 4096K, 2 young (8192K), 2 survivors (8192K)
 Metaspace       used 92814K, committed 94848K, reserved 1179648K
  class space    used 13314K, committed 14336K, reserved 1048576K
}
Event: 39.627 GC heap before
{Heap before GC invocations=38 (full 0):
 garbage-first heap   total 278528K, used 246412K [0x0000000600000000, 0x0000000800000000)
  region size 4096K, 36 young (147456K), 2 survivors (8192K)
 Metaspace       used 92833K, committed 94912K, reserved 1179648K
  class space    used 13315K, committed 14336K, reserved 1048576K
}
Event: 39.632 GC heap after
{Heap after GC invocations=39 (full 0):
 garbage-first heap   total 278528K, used 111233K [0x0000000600000000, 0x0000000800000000)
  region size 4096K, 2 young (8192K), 2 survivors (8192K)
 Metaspace       used 92833K, committed 94912K, reserved 1179648K
  class space    used 13315K, committed 14336K, reserved 1048576K
}
Event: 40.284 GC heap before
{Heap before GC invocations=39 (full 0):
 garbage-first heap   total 278528K, used 250497K [0x0000000600000000, 0x0000000800000000)
  region size 4096K, 36 young (147456K), 2 survivors (8192K)
 Metaspace       used 92848K, committed 94912K, reserved 1179648K
  class space    used 13317K, committed 14336K, reserved 1048576K
}
Event: 40.299 GC heap after
{Heap after GC invocations=40 (full 0):
 garbage-first heap   total 278528K, used 118942K [0x0000000600000000, 0x0000000800000000)
  region size 4096K, 4 young (16384K), 4 survivors (16384K)
 Metaspace       used 92848K, committed 94912K, reserved 1179648K
  class space    used 13317K, committed 14336K, reserved 1048576K
}
Event: 40.653 GC heap before
{Heap before GC invocations=40 (full 0):
 garbage-first heap   total 278528K, used 241822K [0x0000000600000000, 0x0000000800000000)
  region size 4096K, 34 young (139264K), 4 survivors (16384K)
 Metaspace       used 92855K, committed 94912K, reserved 1179648K
  class space    used 13317K, committed 14336K, reserved 1048576K
}
Event: 40.669 GC heap after
{Heap after GC invocations=41 (full 0):
 garbage-first heap   total 278528K, used 123267K [0x0000000600000000, 0x0000000800000000)
  region size 4096K, 4 young (16384K), 4 survivors (16384K)
 Metaspace       used 92855K, committed 94912K, reserved 1179648K
  class space    used 13317K, committed 14336K, reserved 1048576K
}
Event: 40.953 GC heap before
{Heap before GC invocations=41 (full 0):
 garbage-first heap   total 278528K, used 237955K [0x0000000600000000, 0x0000000800000000)
  region size 4096K, 33 young (135168K), 4 survivors (16384K)
 Metaspace       used 92862K, committed 94912K, reserved 1179648K
  class space    used 13317K, committed 14336K, reserved 1048576K
}
Event: 40.966 GC heap after
{Heap after GC invocations=42 (full 0):
 garbage-first heap   total 380928K, used 123496K [0x0000000600000000, 0x0000000800000000)
  region size 4096K, 2 young (8192K), 2 survivors (8192K)
 Metaspace       used 92862K, committed 94912K, reserved 1179648K
  class space    used 13317K, committed 14336K, reserved 1048576K
}
Event: 41.588 GC heap before
{Heap before GC invocations=42 (full 0):
 garbage-first heap   total 380928K, used 336488K [0x0000000600000000, 0x0000000800000000)
  region size 4096K, 55 young (225280K), 2 survivors (8192K)
 Metaspace       used 92883K, committed 94912K, reserved 1179648K
  class space    used 13317K, committed 14336K, reserved 1048576K
}
Event: 41.593 GC heap after
{Heap after GC invocations=43 (full 0):
 garbage-first heap   total 380928K, used 123956K [0x0000000600000000, 0x0000000800000000)
  region size 4096K, 2 young (8192K), 2 survivors (8192K)
 Metaspace       used 92883K, committed 94912K, reserved 1179648K
  class space    used 13317K, committed 14336K, reserved 1048576K
}
Event: 42.551 GC heap before
{Heap before GC invocations=43 (full 0):
 garbage-first heap   total 380928K, used 341044K [0x0000000600000000, 0x0000000800000000)
  region size 4096K, 56 young (229376K), 2 survivors (8192K)
 Metaspace       used 92953K, committed 94976K, reserved 1179648K
  class space    used 13319K, committed 14336K, reserved 1048576K
}
Event: 42.560 GC heap after
{Heap after GC invocations=44 (full 0):
 garbage-first heap   total 380928K, used 126473K [0x0000000600000000, 0x0000000800000000)
  region size 4096K, 2 young (8192K), 2 survivors (8192K)
 Metaspace       used 92953K, committed 94976K, reserved 1179648K
  class space    used 13319K, committed 14336K, reserved 1048576K
}
Event: 43.271 GC heap before
{Heap before GC invocations=44 (full 0):
 garbage-first heap   total 380928K, used 339465K [0x0000000600000000, 0x0000000800000000)
  region size 4096K, 55 young (225280K), 2 survivors (8192K)
 Metaspace       used 93026K, committed 95040K, reserved 1179648K
  class space    used 13319K, committed 14336K, reserved 1048576K
}
Event: 43.280 GC heap after
{Heap after GC invocations=45 (full 0):
 garbage-first heap   total 380928K, used 127406K [0x0000000600000000, 0x0000000800000000)
  region size 4096K, 3 young (12288K), 3 survivors (12288K)
 Metaspace       used 93026K, committed 95040K, reserved 1179648K
  class space    used 13319K, committed 14336K, reserved 1048576K
}
Event: 43.698 GC heap before
{Heap before GC invocations=45 (full 0):
 garbage-first heap   total 380928K, used 336302K [0x0000000600000000, 0x0000000800000000)
  region size 4096K, 55 young (225280K), 3 survivors (12288K)
 Metaspace       used 93039K, committed 95040K, reserved 1179648K
  class space    used 13320K, committed 14336K, reserved 1048576K
}
Event: 43.705 GC heap after
{Heap after GC invocations=46 (full 0):
 garbage-first heap   total 380928K, used 131521K [0x0000000600000000, 0x0000000800000000)
  region size 4096K, 4 young (16384K), 4 survivors (16384K)
 Metaspace       used 93039K, committed 95040K, reserved 1179648K
  class space    used 13320K, committed 14336K, reserved 1048576K
}
Event: 44.026 GC heap before
{Heap before GC invocations=46 (full 0):
 garbage-first heap   total 380928K, used 332225K [0x0000000600000000, 0x0000000800000000)
  region size 4096K, 54 young (221184K), 4 survivors (16384K)
 Metaspace       used 93044K, committed 95040K, reserved 1179648K
  class space    used 13321K, committed 14336K, reserved 1048576K
}
Event: 44.036 GC heap after
{Heap after GC invocations=47 (full 0):
 garbage-first heap   total 380928K, used 132220K [0x0000000600000000, 0x0000000800000000)
  region size 4096K, 4 young (16384K), 4 survivors (16384K)
 Metaspace       used 93044K, committed 95040K, reserved 1179648K
  class space    used 13321K, committed 14336K, reserved 1048576K
}
Event: 44.492 GC heap before
{Heap before GC invocations=47 (full 0):
 garbage-first heap   total 380928K, used 337020K [0x0000000600000000, 0x0000000800000000)
  region size 4096K, 54 young (221184K), 4 survivors (16384K)
 Metaspace       used 93053K, committed 95040K, reserved 1179648K
  class space    used 13321K, committed 14336K, reserved 1048576K
}

