# JRE version: OpenJDK Runtime Environment (21.0.8) (build 21.0.8+-14196175-b1038.72)
# Java VM: OpenJDK 64-Bit Server VM (21.0.8+-14196175-b1038.72, mixed mode, tiered, compressed oops, compressed class ptrs, g1 gc, windows-amd64)
GC Precious Log:
 CardTable entry size: 512
 Card Set container configuration: InlinePtr #cards 5 size 8 Array Of Cards #cards 12 size 40 Howl #buckets 4 coarsen threshold 1843 Howl Bitmap #cards 512 size 80 coarsen threshold 460 Card regions per heap region 1 cards per card region 2048
 CPUs: 8 total, 8 available
 Memory: 8002M
 Large Page Support: Disabled
 NUMA Support: Disabled
 Compressed Oops: Enabled (32-bit)
 Heap Region Size: 1M
 Heap Min Capacity: 8M
 Heap Initial Capacity: 126M
 Heap Max Capacity: 2002M
 Pre-touch: Disabled
 Parallel Workers: 8
 Concurrent Workers: 2
 Concurrent Refinement Workers: 8
 Periodic GC: Disabled
Heap:
 garbage-first heap   total 110592K, used 78371K [0x0000000082e00000, 0x0000000100000000)
  region size 1024K, 28 young (28672K), 3 survivors (3072K)
 Metaspace       used 56966K, committed 57792K, reserved 1114112K
  class space    used 6943K, committed 7296K, reserved 1048576K
GC Heap History (20 events):
Event: 2.996 GC heap before
{Heap before GC invocations=4 (full 0):
 garbage-first heap   total 30720K, used 30017K [0x0000000082e00000, 0x0000000100000000)
  region size 1024K, 17 young (17408K), 3 survivors (3072K)
 Metaspace       used 29320K, committed 29568K, reserved 1114112K
  class space    used 3531K, committed 3648K, reserved 1048576K
}
Event: 3.014 GC heap after
{Heap after GC invocations=5 (full 0):
 garbage-first heap   total 36864K, used 18599K [0x0000000082e00000, 0x0000000100000000)
  region size 1024K, 3 young (3072K), 3 survivors (3072K)
 Metaspace       used 29320K, committed 29568K, reserved 1114112K
  class space    used 3531K, committed 3648K, reserved 1048576K
}
Event: 3.104 GC heap before
{Heap before GC invocations=5 (full 0):
 garbage-first heap   total 36864K, used 29863K [0x0000000082e00000, 0x0000000100000000)
  region size 1024K, 14 young (14336K), 3 survivors (3072K)
 Metaspace       used 29320K, committed 29568K, reserved 1114112K
  class space    used 3531K, committed 3648K, reserved 1048576K
}
Event: 3.120 GC heap after
{Heap after GC invocations=6 (full 0):
 garbage-first heap   total 36864K, used 22089K [0x0000000082e00000, 0x0000000100000000)
  region size 1024K, 2 young (2048K), 2 survivors (2048K)
 Metaspace       used 29320K, committed 29568K, reserved 1114112K
  class space    used 3531K, committed 3648K, reserved 1048576K
}
Event: 3.270 GC heap before
{Heap before GC invocations=6 (full 0):
 garbage-first heap   total 36864K, used 28233K [0x0000000082e00000, 0x0000000100000000)
  region size 1024K, 10 young (10240K), 2 survivors (2048K)
 Metaspace       used 29433K, committed 29760K, reserved 1114112K
  class space    used 3536K, committed 3712K, reserved 1048576K
}
Event: 3.296 GC heap after
{Heap after GC invocations=7 (full 0):
 garbage-first heap   total 37888K, used 27527K [0x0000000082e00000, 0x0000000100000000)
  region size 1024K, 2 young (2048K), 2 survivors (2048K)
 Metaspace       used 29433K, committed 29760K, reserved 1114112K
  class space    used 3536K, committed 3712K, reserved 1048576K
}
Event: 3.362 GC heap before
{Heap before GC invocations=8 (full 0):
 garbage-first heap   total 48128K, used 31623K [0x0000000082e00000, 0x0000000100000000)
  region size 1024K, 6 young (6144K), 2 survivors (2048K)
 Metaspace       used 29439K, committed 29760K, reserved 1114112K
  class space    used 3537K, committed 3712K, reserved 1048576K
}
Event: 3.375 GC heap after
{Heap after GC invocations=9 (full 0):
 garbage-first heap   total 48128K, used 31059K [0x0000000082e00000, 0x0000000100000000)
  region size 1024K, 1 young (1024K), 1 survivors (1024K)
 Metaspace       used 29439K, committed 29760K, reserved 1114112K
  class space    used 3537K, committed 3712K, reserved 1048576K
}
Event: 3.455 GC heap before
{Heap before GC invocations=9 (full 0):
 garbage-first heap   total 48128K, used 39251K [0x0000000082e00000, 0x0000000100000000)
  region size 1024K, 8 young (8192K), 1 survivors (1024K)
 Metaspace       used 29441K, committed 29760K, reserved 1114112K
  class space    used 3537K, committed 3712K, reserved 1048576K
}
Event: 3.467 GC heap after
{Heap after GC invocations=10 (full 0):
 garbage-first heap   total 48128K, used 26503K [0x0000000082e00000, 0x0000000100000000)
  region size 1024K, 1 young (1024K), 1 survivors (1024K)
 Metaspace       used 29441K, committed 29760K, reserved 1114112K
  class space    used 3537K, committed 3712K, reserved 1048576K
}
Event: 3.494 GC heap before
{Heap before GC invocations=10 (full 0):
 garbage-first heap   total 48128K, used 29575K [0x0000000082e00000, 0x0000000100000000)
  region size 1024K, 5 young (5120K), 1 survivors (1024K)
 Metaspace       used 29443K, committed 29760K, reserved 1114112K
  class space    used 3537K, committed 3712K, reserved 1048576K
}
Event: 3.500 GC heap after
{Heap after GC invocations=11 (full 0):
 garbage-first heap   total 110592K, used 27456K [0x0000000082e00000, 0x0000000100000000)
  region size 1024K, 2 young (2048K), 2 survivors (2048K)
 Metaspace       used 29443K, committed 29760K, reserved 1114112K
  class space    used 3537K, committed 3712K, reserved 1048576K
}
Event: 4.820 GC heap before
{Heap before GC invocations=11 (full 0):
 garbage-first heap   total 110592K, used 83776K [0x0000000082e00000, 0x0000000100000000)
  region size 1024K, 44 young (45056K), 2 survivors (2048K)
 Metaspace       used 36139K, committed 36480K, reserved 1114112K
  class space    used 4476K, committed 4608K, reserved 1048576K
}
Event: 4.842 GC heap after
{Heap after GC invocations=12 (full 0):
 garbage-first heap   total 110592K, used 44851K [0x0000000082e00000, 0x0000000100000000)
  region size 1024K, 6 young (6144K), 6 survivors (6144K)
 Metaspace       used 36139K, committed 36480K, reserved 1114112K
  class space    used 4476K, committed 4608K, reserved 1048576K
}
Event: 6.422 GC heap before
{Heap before GC invocations=12 (full 0):
 garbage-first heap   total 110592K, used 81715K [0x0000000082e00000, 0x0000000100000000)
  region size 1024K, 42 young (43008K), 6 survivors (6144K)
 Metaspace       used 43165K, committed 43648K, reserved 1114112K
  class space    used 5213K, committed 5440K, reserved 1048576K
}
Event: 6.448 GC heap after
{Heap after GC invocations=13 (full 0):
 garbage-first heap   total 110592K, used 49221K [0x0000000082e00000, 0x0000000100000000)
  region size 1024K, 4 young (4096K), 4 survivors (4096K)
 Metaspace       used 43165K, committed 43648K, reserved 1114112K
  class space    used 5213K, committed 5440K, reserved 1048576K
}
Event: 8.499 GC heap before
{Heap before GC invocations=13 (full 0):
 garbage-first heap   total 110592K, used 78917K [0x0000000082e00000, 0x0000000100000000)
  region size 1024K, 34 young (34816K), 4 survivors (4096K)
 Metaspace       used 48873K, committed 49600K, reserved 1114112K
  class space    used 5949K, committed 6336K, reserved 1048576K
}
Event: 8.522 GC heap after
{Heap after GC invocations=14 (full 0):
 garbage-first heap   total 110592K, used 52289K [0x0000000082e00000, 0x0000000100000000)
  region size 1024K, 4 young (4096K), 4 survivors (4096K)
 Metaspace       used 48873K, committed 49600K, reserved 1114112K
  class space    used 5949K, committed 6336K, reserved 1048576K
}
Event: 9.488 GC heap before
{Heap before GC invocations=15 (full 0):
 garbage-first heap   total 110592K, used 90177K [0x0000000082e00000, 0x0000000100000000)
  region size 1024K, 41 young (41984K), 4 survivors (4096K)
 Metaspace       used 50862K, committed 51648K, reserved 1114112K
  class space    used 6185K, committed 6528K, reserved 1048576K
}
Event: 9.508 GC heap after
{Heap after GC invocations=16 (full 0):
 garbage-first heap   total 110592K, used 53795K [0x0000000082e00000, 0x0000000100000000)
  region size 1024K, 3 young (3072K), 3 survivors (3072K)
 Metaspace       used 50862K, committed 51648K, reserved 1114112K
  class space    used 6185K, committed 6528K, reserved 1048576K
}

